This is pdfTeXk, Version 3.141592-1.40.3 (Web2C 7.5.6) (format=pdflatex 2013.1.3)  28 FEB 2013 02:39
entering extended mode
 %&-line parsing enabled.
**AVpractical2.tex
(./AVpractical2.tex
LaTeX2e <2005/12/01>
Babel <v3.8h> and hyphenation patterns for english, usenglishmax, dumylang, noh
yphenation, arabic, basque, bulgarian, coptic, welsh, czech, slovak, german, ng
erman, danish, esperanto, spanish, catalan, galician, estonian, farsi, finnish,
 french, greek, monogreek, ancientgreek, croatian, hungarian, interlingua, ibyc
us, indonesian, icelandic, italian, latin, mongolian, dutch, norsk, polish, por
tuguese, pinyin, romanian, russian, slovenian, uppersorbian, serbian, swedish, 
turkish, ukenglish, ukrainian, loaded.
(/usr/share/texmf/tex/latex/base/article.cls
Document Class: article 2005/09/16 v1.4f Standard LaTeX document class
(/usr/share/texmf/tex/latex/base/size10.clo
File: size10.clo 2005/09/16 v1.4f Standard LaTeX file (size option)
)
\c@part=\count79
\c@section=\count80
\c@subsection=\count81
\c@subsubsection=\count82
\c@paragraph=\count83
\c@subparagraph=\count84
\c@figure=\count85
\c@table=\count86
\abovecaptionskip=\skip41
\belowcaptionskip=\skip42
\bibindent=\dimen102
)
(/usr/share/texmf/tex/latex/amsfonts/amssymb.sty
Package: amssymb 2002/01/22 v2.2d

(/usr/share/texmf/tex/latex/amsfonts/amsfonts.sty
Package: amsfonts 2001/10/25 v2.2f
\@emptytoks=\toks14
\symAMSa=\mathgroup4
\symAMSb=\mathgroup5
LaTeX Font Info:    Overwriting math alphabet `\mathfrak' in version `bold'
(Font)                  U/euf/m/n --> U/euf/b/n on input line 132.
))
(/usr/share/texmf/tex/latex/amsmath/amsmath.sty
Package: amsmath 2000/07/18 v2.13 AMS math features
\@mathmargin=\skip43

For additional information on amsmath, use the `?' option.
(/usr/share/texmf/tex/latex/amsmath/amstext.sty
Package: amstext 2000/06/29 v2.01

(/usr/share/texmf/tex/latex/amsmath/amsgen.sty
File: amsgen.sty 1999/11/30 v2.0
\@emptytoks=\toks15
\ex@=\dimen103
))
(/usr/share/texmf/tex/latex/amsmath/amsbsy.sty
Package: amsbsy 1999/11/29 v1.2d
\pmbraise@=\dimen104
)
(/usr/share/texmf/tex/latex/amsmath/amsopn.sty
Package: amsopn 1999/12/14 v2.01 operator names
)
\inf@bad=\count87
LaTeX Info: Redefining \frac on input line 211.
\uproot@=\count88
\leftroot@=\count89
LaTeX Info: Redefining \overline on input line 307.
\classnum@=\count90
\DOTSCASE@=\count91
LaTeX Info: Redefining \ldots on input line 379.
LaTeX Info: Redefining \dots on input line 382.
LaTeX Info: Redefining \cdots on input line 467.
\Mathstrutbox@=\box26
\strutbox@=\box27
\big@size=\dimen105
LaTeX Font Info:    Redeclaring font encoding OML on input line 567.
LaTeX Font Info:    Redeclaring font encoding OMS on input line 568.
\macc@depth=\count92
\c@MaxMatrixCols=\count93
\dotsspace@=\muskip10
\c@parentequation=\count94
\dspbrk@lvl=\count95
\tag@help=\toks16
\row@=\count96
\column@=\count97
\maxfields@=\count98
\andhelp@=\toks17
\eqnshift@=\dimen106
\alignsep@=\dimen107
\tagshift@=\dimen108
\tagwidth@=\dimen109
\totwidth@=\dimen110
\lineht@=\dimen111
\@envbody=\toks18
\multlinegap=\skip44
\multlinetaggap=\skip45
\mathdisplay@stack=\toks19
LaTeX Info: Redefining \[ on input line 2666.
LaTeX Info: Redefining \] on input line 2667.
)
(/usr/share/texmf/tex/latex/graphics/graphicx.sty
Package: graphicx 1999/02/16 v1.0f Enhanced LaTeX Graphics (DPC,SPQR)

(/usr/share/texmf/tex/latex/graphics/keyval.sty
Package: keyval 1999/03/16 v1.13 key=value parser (DPC)
\KV@toks@=\toks20
)
(/usr/share/texmf/tex/latex/graphics/graphics.sty
Package: graphics 2006/02/20 v1.0o Standard LaTeX Graphics (DPC,SPQR)

(/usr/share/texmf/tex/latex/graphics/trig.sty
Package: trig 1999/03/16 v1.09 sin cos tan (DPC)
)
(/usr/share/texmf/tex/latex/config/graphics.cfg
File: graphics.cfg 2007/01/18 v1.5 graphics configuration of teTeX/TeXLive
)
Package graphics Info: Driver file: pdftex.def on input line 90.

(/usr/share/texmf/tex/latex/pdftex-def/pdftex.def
File: pdftex.def 2007/01/08 v0.04d Graphics/color for pdfTeX
\Gread@gobject=\count99
))
\Gin@req@height=\dimen112
\Gin@req@width=\dimen113
)
(/usr/share/texmf/tex/latex/psnfss/times.sty
Package: times 2005/04/12 PSNFSS-v9.2a (SPQR) 
)

LaTeX Warning: Unused global option(s):
    [oneclumn].

(./AVpractical2.aux

LaTeX Warning: Label `table1' multiply defined.


LaTeX Warning: Label `table1' multiply defined.

)
\openout1 = `AVpractical2.aux'.

LaTeX Font Info:    Checking defaults for OML/cmm/m/it on input line 15.
LaTeX Font Info:    ... okay on input line 15.
LaTeX Font Info:    Checking defaults for T1/cmr/m/n on input line 15.
LaTeX Font Info:    ... okay on input line 15.
LaTeX Font Info:    Checking defaults for OT1/cmr/m/n on input line 15.
LaTeX Font Info:    ... okay on input line 15.
LaTeX Font Info:    Checking defaults for OMS/cmsy/m/n on input line 15.
LaTeX Font Info:    ... okay on input line 15.
LaTeX Font Info:    Checking defaults for OMX/cmex/m/n on input line 15.
LaTeX Font Info:    ... okay on input line 15.
LaTeX Font Info:    Checking defaults for U/cmr/m/n on input line 15.
LaTeX Font Info:    ... okay on input line 15.
LaTeX Font Info:    Try loading font information for OT1+ptm on input line 15.
 (/usr/share/texmf/tex/latex/psnfss/ot1ptm.fd
File: ot1ptm.fd 2001/06/04 font definitions for OT1/ptm.
)
(/usr/share/texmf/tex/context/base/supp-pdf.tex
[Loading MPS to PDF converter (version 2006.09.02).]
\scratchcounter=\count100
\scratchdimen=\dimen114
\scratchbox=\box28
\nofMPsegments=\count101
\nofMParguments=\count102
\MPscratchCnt=\count103
\MPscratchDim=\dimen115
\MPnumerator=\count104
\everyMPtoPDFconversion=\toks21
)
LaTeX Font Info:    Try loading font information for U+msa on input line 17.
 (/usr/share/texmf/tex/latex/amsfonts/umsa.fd
File: umsa.fd 2002/01/19 v2.2g AMS font definitions
)
LaTeX Font Info:    Try loading font information for U+msb on input line 17.

(/usr/share/texmf/tex/latex/amsfonts/umsb.fd
File: umsb.fd 2002/01/19 v2.2g AMS font definitions
)
LaTeX Font Info:    Font shape `OT1/ptm/bx/n' in size <14.4> not available
(Font)              Font shape `OT1/ptm/b/n' tried instead on input line 20.

<cleanedYell.jpg, id=1, 786.94pt x 556.0775pt>
File: cleanedYell.jpg Graphic file (type jpg)
 <use cleanedYell.jpg>
<cleanGreen.jpg, id=2, 786.94pt x 556.0775pt>
File: cleanGreen.jpg Graphic file (type jpg)
 <use cleanGreen.jpg>
<cleanRed.jpg, id=3, 786.94pt x 556.0775pt>
File: cleanRed.jpg Graphic file (type jpg)
 <use cleanRed.jpg>
<cleanAll.jpg, id=4, 786.94pt x 556.0775pt>
File: cleanAll.jpg Graphic file (type jpg)
 <use cleanAll.jpg>
LaTeX Font Info:    Font shape `OT1/ptm/bx/n' in size <10> not available
(Font)              Font shape `OT1/ptm/b/n' tried instead on input line 31.
 [1

{/var/lib/texmf/fonts/map/pdftex/updmap/pdftex.map} <./cleanedYell.jpg> <./clea
nGreen.jpg> <./cleanRed.jpg> <./cleanAll.jpg>]
<errorCroped.jpg, id=12, 87.32625pt x 74.2775pt>
File: errorCroped.jpg Graphic file (type jpg)
 <use errorCroped.jpg>
<redHist.jpg, id=13, 562.1pt x 421.575pt>
File: redHist.jpg Graphic file (type jpg)
 <use redHist.jpg>
<greenHist.jpg, id=14, 562.1pt x 421.575pt>
File: greenHist.jpg Graphic file (type jpg)
 <use greenHist.jpg>
<yellowHist.jpg, id=15, 562.1pt x 421.575pt>
File: yellowHist.jpg Graphic file (type jpg)
 <use yellowHist.jpg>
<redHistBound.jpg, id=16, 562.1pt x 421.575pt>
File: redHistBound.jpg Graphic file (type jpg)
 <use redHistBound.jpg>
<greenHistBound.jpg, id=17, 562.1pt x 421.575pt>
File: greenHistBound.jpg Graphic file (type jpg)
 <use greenHistBound.jpg>
<yellowHistBound.jpg, id=18, 562.1pt x 421.575pt>
File: yellowHistBound.jpg Graphic file (type jpg)
 <use yellowHistBound.jpg>

LaTeX Warning: `!h' float specifier changed to `!ht'.

<redHistMedian.jpg, id=19, 562.1pt x 421.575pt>
File: redHistMedian.jpg Graphic file (type jpg)
 <use redHistMedian.jpg>
<greenHistMedian.jpg, id=20, 562.1pt x 421.575pt>
File: greenHistMedian.jpg Graphic file (type jpg)
 <use greenHistMedian.jpg>
<yellowHistMedian.jpg, id=21, 562.1pt x 421.575pt>
File: yellowHistMedian.jpg Graphic file (type jpg)
 <use yellowHistMedian.jpg>

LaTeX Warning: `!h' float specifier changed to `!ht'.

<redMean.jpg, id=22, 786.94pt x 556.0775pt>
File: redMean.jpg Graphic file (type jpg)
 <use redMean.jpg>
<greenMean.jpg, id=23, 786.94pt x 556.0775pt>
File: greenMean.jpg Graphic file (type jpg)
 <use greenMean.jpg>
<yellowMean.jpg, id=24, 786.94pt x 556.0775pt>
File: yellowMean.jpg Graphic file (type jpg)
 <use yellowMean.jpg>

LaTeX Warning: `!h' float specifier changed to `!ht'.

File: redMean.jpg Graphic file (type jpg)
<use redMean.jpg> <redBound.jpg, id=25, 786.94pt x 556.0775pt>
File: redBound.jpg Graphic file (type jpg)

<use redBound.jpg> <medianRedTrack.jpg, id=26, 786.94pt x 556.0775pt>
File: medianRedTrack.jpg Graphic file (type jpg)

<use medianRedTrack.jpg>

LaTeX Warning: `!h' float specifier changed to `!ht'.

[2 <./errorCroped.jpg> <./redHist.jpg> <./greenHist.jpg> <./yellowHist.jpg>]
[3 <./redHistBound.jpg> <./greenHistBound.jpg> <./yellowHistBound.jpg> <./redHi
stMedian.jpg> <./greenHistMedian.jpg> <./yellowHistMedian.jpg> <./redMean.jpg> 
<./greenMean.jpg> <./yellowMean.jpg> <./redBound.jpg> <./medianRedTrack.jpg>]
LaTeX Font Info:    Font shape `OT1/ptm/bx/n' in size <12> not available
(Font)              Font shape `OT1/ptm/b/n' tried instead on input line 177.
LaTeX Font Info:    Try loading font information for OT1+pcr on input line 181.


(/usr/share/texmf/tex/latex/psnfss/ot1pcr.fd
File: ot1pcr.fd 2001/06/04 font definitions for OT1/pcr.
) [4] [5] (./AVpractical2.aux)

LaTeX Warning: There were multiply-defined labels.

 ) 
Here is how much of TeX's memory you used:
 1951 strings out of 256216
 23342 string characters out of 1917073
 73061 words of memory out of 1500000
 5207 multiletter control sequences out of 10000+200000
 22332 words of font info for 57 fonts, out of 1200000 for 2000
 645 hyphenation exceptions out of 8191
 27i,8n,24p,1257b,224s stack positions out of 5000i,500n,6000p,200000b,15000s
{/usr/share/texmf/fonts/enc/dvips/base/8r.enc}</usr/share/texmf/fonts/type1/u
rw/courier/ucrr8a.pfb></usr/share/texmf/fonts/type1/urw/times/utmb8a.pfb></usr/
share/texmf/fonts/type1/urw/times/utmr8a.pfb></usr/share/texmf/fonts/type1/urw/
times/utmri8a.pfb>
Output written on AVpractical2.pdf (5 pages, 500174 bytes).
PDF statistics:
 54 PDF objects out of 1000 (max. 8388607)
 0 named destinations out of 1000 (max. 131072)
 96 words of extra memory for PDF output out of 10000 (max. 10000000)

